<?xml version="1.0" encoding="UTF-8"?>
<testng-results skipped="0" failed="0" ignored="0" total="1" passed="1">
  <reporter-output>
  </reporter-output>
  <suite name="Default suite" duration-ms="46890" started-at="2022-11-19T11:19:03 IST" finished-at="2022-11-19T11:19:50 IST">
    <groups>
    </groups>
    <test name="Default test" duration-ms="46890" started-at="2022-11-19T11:19:03 IST" finished-at="2022-11-19T11:19:50 IST">
      <class name="com.ani.Construct">
        <test-method status="PASS" signature="launch()[pri:0, instance:com.ani.Construct@37d31475]" name="launch" duration-ms="46843" started-at="2022-11-19T11:19:03 IST" finished-at="2022-11-19T11:19:50 IST">
          <reporter-output>
          </reporter-output>
        </test-method> <!-- launch -->
      </class> <!-- com.ani.Construct -->
    </test> <!-- Default test -->
  </suite> <!-- Default suite -->
</testng-results>
